0110101111000001
0011101000000000
0100000010000110
1000111111111111
0001101110000000
0010001000100000
1100001001000000
1101001001000000
1010001001000100
1101001001000001
1010001001000100
1101001001000000
1010001001000100
1101001001000000
1010001001000100
0101001101001000
0111001000000000
0100000001100100
0001001000100000
1011001001000011
0000010001010101
0010001000100000
1100001001000000
1101001001001111
1010001001000100
1101001001001111
1010001001000100
1101001001000000
1010001001000100
1101001001000000
1010001001000100
0010001110000000
0001001000100000
0100000010000010
0001001000100000
1010010011000010
0000100011100110
0010001000100000
1100001001000000
1101001001001111
1010001001000100
1101001001001111
1010001001000100
1101001001000000
1010001001000100
1101001001000000
1010001001000100
0010001110000000
0001001000100000
1000110110000010
0100000000100000
0100000010000110
