C240
D240
A244
D240
A244
D240
A244
D240
A244
C480
D480
A484
D480
A484
D480
A484
D480
A484
C6C0
D6C0
A6C4
D6C0
A6C4
D6C0
A6C4
D6C0
A6C4
C900
D900
A904
D900
A904
D900
A904
D900
A904
CB40
DB40
AB44
DB40
AB44
DB40
AB44
DB40
AB44
CD80
DD80
AD84
DD80
AD84
DD80
AD84
DD80
AD84
CFC0
DFC0
AFC4
DFC0
AFC4
DFC0
AFC4
DFC0
AFC4
6BC1
3A00
4104
8FFF
1B80
2220
C240
D240
A244
D240
A244
D240
A244
D240
A244
5348
7200
40E2
1220
B243
0455
2220
C240
D240
A244
D240
A244
D240
A244
D240
A244
2380
1220
4100
1220
A4C2
08E6
2220
C240
D240
A244
D240
A244
D240
A244
D240
A244
2380
1220
8D82
409E
4104
